

SYSTEM_START	-	MSI-Di-Marco	MSI-Di-Marco	2025-12-16 12:03:35


SYSTEM_INFO	MotorcycleMaker 14.1.1 - MCycle_Generic #1	jetbrains@2dc68d98a08b 2025-07-07 14:55:54	(14.1.1 jetbrains@2dc68d98a08b 2025-07-07 14:37:51)
SIM	1765883015	MSI-Di-Marco			0	0	0
SIM	1765883022	MSI-Di-Marco	marco	MyPG_Weave	1	22.106	1034.71
SIM	1765884680	MSI-Di-Marco	marco	MyPG_Weave	6	6.061	114.744
SIM	1765886112	MSI-Di-Marco	marco	MyPG_Weave	6	6.094	112.135
SIM	1765886147	MSI-Di-Marco	marco	MyPG_Weave	6	6.094	112.135
SIM	1765886318	MSI-Di-Marco	marco	MyPG_Weave	0	18.879	477.261
SIM	1765886342	MSI-Di-Marco	marco	MyPG_Weave	0	18.879	477.261
SIM	1765886891	MSI-Di-Marco	marco	MyPG_Weave	0	18.908	478.038
SIM	1765886915	MSI-Di-Marco	marco	MyPG_Weave	0	18.908	478.038
SIM	1765887062	MSI-Di-Marco	marco	MyPG_Weave	0	20.519	522.815
SIM	1765887173	MSI-Di-Marco	marco	MyPG_Weave	0	20.567	524.132
SIM	1765887252	MSI-Di-Marco	marco	MyPG_Weave	1	3.73	89.3672
SIM	1765887322	MSI-Di-Marco	marco	MyPG_Weave	1	3.757	89.4098
SIM	1765887417	MSI-Di-Marco	marco	MyPG_Weave	0	37.277	311.268
SIM	1765887458	MSI-Di-Marco	marco	MyPG_Weave	0	32.437	271.078


SYSTEM_START	-	MSI-Di-Marco	MSI-Di-Marco	2025-12-16 13:20:05


SYSTEM_INFO	MotorcycleMaker 14.1.1 - MCycle_Generic #1	jetbrains@2dc68d98a08b 2025-07-07 14:55:54	(14.1.1 jetbrains@2dc68d98a08b 2025-07-07 14:37:51)
SIM	1765887605	MSI-Di-Marco			0	0	0
SIM	1765887606	MSI-Di-Marco	marco	MyPG_Weave	1	22.106	1034.71
SIM	1765887879	MSI-Di-Marco	marco	MyPG_Weave	1	58.928	2935.73
SIM	1765887922	MSI-Di-Marco	marco	MyPG_Weave	1	58.928	2935.73
SIM	1765887947	MSI-Di-Marco	marco	MyPG_Weave	1	58.928	2935.73
SIM	1765888004	MSI-Di-Marco	marco	MyPG_Weave	1	22.106	1034.71
SIM	1765888135	MSI-Di-Marco	marco	MyPG_Weave	1	22.106	1034.71
SIM	1765888293	MSI-Di-Marco	marco	MyPG_Weave	1	22.236	1043.59
SIM	1765888357	MSI-Di-Marco	marco	MyPG_Weave	1	22.519	1057.92
SIM	1765888459	MSI-Di-Marco	marco	MyPG_Weave	1	23.408	1088.32
SIM	1765888491	MSI-Di-Marco	marco	MyPG_Weave	1	22.519	1057.92
SIM	1765888543	MSI-Di-Marco	marco	MyPG_Weave	1	11.528	342.559


SYSTEM_START	-	MSI-Di-Marco	MSI-Di-Marco	2025-12-16 13:39:03


SYSTEM_INFO	MotorcycleMaker 14.1.1 - MCycle_Generic #1	jetbrains@2dc68d98a08b 2025-07-07 14:55:54	(14.1.1 jetbrains@2dc68d98a08b 2025-07-07 14:37:51)
SIM	1765888743	MSI-Di-Marco			0	0	0
SIM	1765888744	MSI-Di-Marco	marco	MyPG_Weave	1	22.888	1055.92
SIM	1765888764	MSI-Di-Marco	marco	MyPG_Weave	1	22.888	1055.92
SIM	1765888931	MSI-Di-Marco	marco	MyPG_Weave	1	22.888	1055.92
SIM	1765889199	MSI-Di-Marco	marco	MyPG_Weave	1	19.898	948.118
SIM	1765889298	MSI-Di-Marco	marco	MyPG_Weave	1	20.688	1012.53
SIM	1765889442	MSI-Di-Marco	marco	MyPG_Weave	1	20.278	979.846
SIM	1765889465	MSI-Di-Marco	marco	MyPG_Weave	1	20.278	979.846
SIM	1765889589	MSI-Di-Marco	marco	MyPG_Weave	1	20.196	972.615
SIM	1765889661	MSI-Di-Marco	marco	MyPG_Weave	1	21.313	1063.11
SIM	1765889699	MSI-Di-Marco	marco	MyPG_Weave	1	20.299	979.907
SIM	1765889787	MSI-Di-Marco	marco	MyPG_Weave	1	36.13	2223.97
SIM	1765890047	MSI-Di-Marco	marco	MyPG_Weave	1	36.136	2224.52
SIM	1766137672	MSI-Di-Marco	marco	MyPG_Weave_tmp	1	24.642	1254.51
SIM	1766137707	MSI-Di-Marco	marco	MyPG_Weave_tmp	1	24.642	1254.51
